1699060811539:a
1699060812864:help
1699060819089:hello-world
1699060846641:foo
1699060848808:hello-world
1699060859649:hello-world Spring
1699060868682:hello-world Spring 123
1699060968148:help hello-world
1699061791639:list-posts
1699061796272:load-posts
1699061801630:list-posts
1699063195439:g
1699063196519:exit
1699064342740:help
1699064443997:list-posts
1699064450845:posts
1699064453669:load-posts
1699064458429:list-posts
1699064606912:ddddddddddd
1699065010967:load-posts
1699065014158:list-posts
1699065045560:load-posts
1699065048447:list-posts
1699103403435:help
1699103406930:random
